<?xml version="1.0" encoding="UTF-8"?>
<testng-results skipped="0" failed="0" total="1" passed="1">
  <reporter-output>
    <line>
      <![CDATA[<div "featureFile">Feature File: HomePage.feature</div>]]>
    </line>
    <line>
      <![CDATA[<div "feature">Feature: Check BrowserSite and navigation to other products</div>]]>
    </line>
    <line>
      <![CDATA[<div "scenarioOutline">Scenario Outline: Check the product navigation through FADAVIS.COM</div>]]>
    </line>
    <line>
      <![CDATA[<div "scenario">Scenario Outline: Check the product navigation through FADAVIS.COM</div>]]>
    </line>
    <line>
      <![CDATA[<div "result">Given  Launch URL for Login (passed : 5s)</div>]]>
    </line>
    <line>
      <![CDATA[<div "result">When  Login in the application with &quot;&lt;emailid&gt;&quot; and &quot;&lt;password&gt;&quot; (passed : 11s)</div>]]>
    </line>
    <line>
      <![CDATA[<div "result">When  click on BrowserSite dropdown (passed : 0s)</div>]]>
    </line>
    <line>
      <![CDATA[<div "result">And  click on KIA (passed : 0s)</div>]]>
    </line>
    <line>
      <![CDATA[<div "result">Then  it should open the new tab with title KIA (passed : 10s)</div>]]>
    </line>
    <line>
      <![CDATA[<div "featureFile">Feature File: Login.feature</div>]]>
    </line>
    <line>
      <![CDATA[<div "feature">Feature: Check the Authenticity of the FADAVIS.COM website.</div>]]>
    </line>
    <line>
      <![CDATA[<div "scenarioOutline">Scenario Outline: Check the authenticity using correct login credentials.</div>]]>
    </line>
    <line>
      <![CDATA[<div "scenario">Scenario Outline: Check the authenticity using correct login credentials.</div>]]>
    </line>
    <line>
      <![CDATA[<div "result">Given  Launch URL for Login (passed : 6s)</div>]]>
    </line>
    <line>
      <![CDATA[<div "result">When  Login in the application with &quot;vandanasharma@qainfotech.com&quot; and &quot;password&quot; (passed : 4s)</div>]]>
    </line>
    <line>
      <![CDATA[<div "result">When  click on BrowserSite dropdown (passed : 1s)</div>]]>
    </line>
    <line>
      <![CDATA[<div "result">And  click on KIA (passed : 0s)</div>]]>
    </line>
    <line>
      <![CDATA[<div "result">Then  it should open the new tab with title KIA (passed : 7s)</div>]]>
    </line>
    <line>
      <![CDATA[<div "result">Given  Launch URL for Login (passed : 0s)</div>]]>
    </line>
    <line>
      <![CDATA[<div "scenario">Scenario: Check the message displayed when incorrect email is used.</div>]]>
    </line>
    <line>
      <![CDATA[<div "result">When  Click on Login&#x2F;Join button (passed : 8s)</div>]]>
    </line>
    <line>
      <![CDATA[<div "result">And  Enter CorrectEmail &quot;&lt;email&gt;&quot; (passed : 4s)</div>]]>
    </line>
    <line>
      <![CDATA[<div "result">And  Enter CorrectPassword &quot;&lt;password&gt;&quot; (passed : 1s)</div>]]>
    </line>
    <line>
      <![CDATA[<div "result">And  Click on Login Button (passed : 0s)</div>]]>
    </line>
    <line>
      <![CDATA[<div "scenarioOutline">Scenario Outline: Confirm the presence of Alert, when incorrect password is used.</div>]]>
    </line>
    <line>
      <![CDATA[<div "scenario">Scenario Outline: Confirm the presence of Alert, when incorrect password is used.</div>]]>
    </line>
    <line>
      <![CDATA[<div "result">Then  Login is Successfull. (passed : 8s)</div>]]>
    </line>
    <line>
      <![CDATA[<div "result">Given  Launch URL for Login (passed : 5s)</div>]]>
    </line>
    <line>
      <![CDATA[<div "result">When  Click on Login&#x2F;Join button (passed : 1s)</div>]]>
    </line>
    <line>
      <![CDATA[<div "result">And  Enter CorrectEmail &quot;vandanasharma@qainfotech.com&quot; (passed : 0s)</div>]]>
    </line>
    <line>
      <![CDATA[<div "result">And  Enter CorrectPassword &quot;password&quot; (passed : 2s)</div>]]>
    </line>
    <line>
      <![CDATA[<div "result">And  Click on Login Button (passed : 0s)</div>]]>
    </line>
    <line>
      <![CDATA[<div "featureFile">Feature File: TitleVerification.feature</div>]]>
    </line>
    <line>
      <![CDATA[<div "feature">Feature: Test Fadavis.com</div>]]>
    </line>
    <line>
      <![CDATA[<div "scenario">Scenario: Verification of FADAVIS.COM Title</div>]]>
    </line>
    <line>
      <![CDATA[<div "result">Then  Login is Successfull. (passed : 8s)</div>]]>
    </line>
    <line>
      <![CDATA[<div "result">Given  Launch URL for Login (passed : 0s)</div>]]>
    </line>
  </reporter-output>
  <suite name="Surefire suite" duration-ms="254306" started-at="2019-01-16T06:57:18Z" finished-at="2019-01-16T07:01:32Z">
    <groups>
      <group name="cucumber">
        <method signature="AbstractTestNGCucumberTests.run_cukes()[pri:0, instance:org.stepdefs.RunnableClass@5c3bd550]" name="run_cukes" class="cucumber.api.testng.AbstractTestNGCucumberTests"/>
      </group> <!-- cucumber -->
    </groups>
    <test name="Surefire test" duration-ms="254306" started-at="2019-01-16T06:57:18Z" finished-at="2019-01-16T07:01:32Z">
      <class name="org.stepdefs.RunnableClass">
        <test-method status="PASS" signature="run_cukes()[pri:0, instance:org.stepdefs.RunnableClass@5c3bd550]" name="run_cukes" duration-ms="254289" started-at="2019-01-16T12:27:18Z" description="Runs Cucumber Features" finished-at="2019-01-16T12:31:32Z">
          <reporter-output>
            <line>
              <![CDATA[<div "featureFile">Feature File: HomePage.feature</div>]]>
            </line>
            <line>
              <![CDATA[<div "feature">Feature: Check BrowserSite and navigation to other products</div>]]>
            </line>
            <line>
              <![CDATA[<div "scenarioOutline">Scenario Outline: Check the product navigation through FADAVIS.COM</div>]]>
            </line>
            <line>
              <![CDATA[<div "scenario">Scenario Outline: Check the product navigation through FADAVIS.COM</div>]]>
            </line>
            <line>
              <![CDATA[<div "result">Given  Launch URL for Login (passed : 5s)</div>]]>
            </line>
            <line>
              <![CDATA[<div "result">When  Login in the application with &quot;&lt;emailid&gt;&quot; and &quot;&lt;password&gt;&quot; (passed : 11s)</div>]]>
            </line>
            <line>
              <![CDATA[<div "result">When  click on BrowserSite dropdown (passed : 0s)</div>]]>
            </line>
            <line>
              <![CDATA[<div "result">And  click on KIA (passed : 0s)</div>]]>
            </line>
            <line>
              <![CDATA[<div "result">Then  it should open the new tab with title KIA (passed : 10s)</div>]]>
            </line>
            <line>
              <![CDATA[<div "featureFile">Feature File: Login.feature</div>]]>
            </line>
            <line>
              <![CDATA[<div "feature">Feature: Check the Authenticity of the FADAVIS.COM website.</div>]]>
            </line>
            <line>
              <![CDATA[<div "scenarioOutline">Scenario Outline: Check the authenticity using correct login credentials.</div>]]>
            </line>
            <line>
              <![CDATA[<div "scenario">Scenario Outline: Check the authenticity using correct login credentials.</div>]]>
            </line>
            <line>
              <![CDATA[<div "result">Given  Launch URL for Login (passed : 6s)</div>]]>
            </line>
            <line>
              <![CDATA[<div "result">When  Login in the application with &quot;vandanasharma@qainfotech.com&quot; and &quot;password&quot; (passed : 4s)</div>]]>
            </line>
            <line>
              <![CDATA[<div "result">When  click on BrowserSite dropdown (passed : 1s)</div>]]>
            </line>
            <line>
              <![CDATA[<div "result">And  click on KIA (passed : 0s)</div>]]>
            </line>
            <line>
              <![CDATA[<div "result">Then  it should open the new tab with title KIA (passed : 7s)</div>]]>
            </line>
            <line>
              <![CDATA[<div "result">Given  Launch URL for Login (passed : 0s)</div>]]>
            </line>
            <line>
              <![CDATA[<div "scenario">Scenario: Check the message displayed when incorrect email is used.</div>]]>
            </line>
            <line>
              <![CDATA[<div "result">When  Click on Login&#x2F;Join button (passed : 8s)</div>]]>
            </line>
            <line>
              <![CDATA[<div "result">And  Enter CorrectEmail &quot;&lt;email&gt;&quot; (passed : 4s)</div>]]>
            </line>
            <line>
              <![CDATA[<div "result">And  Enter CorrectPassword &quot;&lt;password&gt;&quot; (passed : 1s)</div>]]>
            </line>
            <line>
              <![CDATA[<div "result">And  Click on Login Button (passed : 0s)</div>]]>
            </line>
            <line>
              <![CDATA[<div "scenarioOutline">Scenario Outline: Confirm the presence of Alert, when incorrect password is used.</div>]]>
            </line>
            <line>
              <![CDATA[<div "scenario">Scenario Outline: Confirm the presence of Alert, when incorrect password is used.</div>]]>
            </line>
            <line>
              <![CDATA[<div "result">Then  Login is Successfull. (passed : 8s)</div>]]>
            </line>
            <line>
              <![CDATA[<div "result">Given  Launch URL for Login (passed : 5s)</div>]]>
            </line>
            <line>
              <![CDATA[<div "result">When  Click on Login&#x2F;Join button (passed : 1s)</div>]]>
            </line>
            <line>
              <![CDATA[<div "result">And  Enter CorrectEmail &quot;vandanasharma@qainfotech.com&quot; (passed : 0s)</div>]]>
            </line>
            <line>
              <![CDATA[<div "result">And  Enter CorrectPassword &quot;password&quot; (passed : 2s)</div>]]>
            </line>
            <line>
              <![CDATA[<div "result">And  Click on Login Button (passed : 0s)</div>]]>
            </line>
            <line>
              <![CDATA[<div "featureFile">Feature File: TitleVerification.feature</div>]]>
            </line>
            <line>
              <![CDATA[<div "feature">Feature: Test Fadavis.com</div>]]>
            </line>
            <line>
              <![CDATA[<div "scenario">Scenario: Verification of FADAVIS.COM Title</div>]]>
            </line>
            <line>
              <![CDATA[<div "result">Then  Login is Successfull. (passed : 8s)</div>]]>
            </line>
            <line>
              <![CDATA[<div "result">Given  Launch URL for Login (passed : 0s)</div>]]>
            </line>
          </reporter-output>
        </test-method> <!-- run_cukes -->
      </class> <!-- org.stepdefs.RunnableClass -->
    </test> <!-- Surefire test -->
  </suite> <!-- Surefire suite -->
</testng-results>
